[2017-02-02 20:01:35.647] [WARN] normal - GET /
[2017-02-02 20:01:36.681] [ERROR] normal - GET /favicon.ico
[2017-02-02 20:01:45.449] [ERROR] normal - GET /queryAll
[2017-02-02 20:11:59.804] [ERROR] normal - GET /queryAll
[2017-02-02 20:12:08.366] [ERROR] normal - GET /queryAll
[2017-02-02 20:14:38.199] [ERROR] normal - GET /queryAll
[2017-02-02 20:14:40.414] [ERROR] normal - GET /queryAll
[2017-02-02 20:14:41.503] [ERROR] normal - GET /queryAll
[2017-02-02 20:14:42.134] [ERROR] normal - GET /queryAll
[2017-02-02 20:14:42.743] [ERROR] normal - GET /queryAll
[2017-02-02 20:19:19.812] [ERROR] normal - GET /queryAll
[2017-02-02 20:19:27.190] [INFO] account - -----------queryAll--------------
[2017-02-02 20:19:27.289] [INFO] normal - GET /account/queryAll
[2017-02-07 09:40:56.385] [INFO] normal - GET /
[2017-02-07 09:52:00.739] [ERROR] normal - GET /
[2017-02-07 09:53:03.558] [ERROR] normal - GET /
[2017-02-07 09:53:04.079] [ERROR] normal - GET /
[2017-02-07 09:53:04.233] [ERROR] normal - GET /
[2017-02-07 09:53:04.386] [ERROR] normal - GET /
[2017-02-07 09:54:58.102] [ERROR] normal - GET /
[2017-02-07 09:54:58.516] [ERROR] normal - GET /
[2017-02-07 09:54:58.654] [ERROR] normal - GET /
[2017-02-07 09:55:02.590] [ERROR] normal - GET /
[2017-02-07 09:58:18.066] [INFO] normal - GET /
[2017-02-07 10:30:23.235] [INFO] normal - GET /
[2017-02-07 10:32:07.964] [INFO] normal - GET /
[2017-02-07 10:32:23.190] [INFO] normal - GET /
[2017-02-07 10:32:24.236] [WARN] normal - GET /
[2017-02-07 10:32:25.452] [WARN] normal - GET /
[2017-02-07 10:32:58.165] [INFO] normal - GET /
[2017-02-07 10:32:58.286] [INFO] normal - GET /css/index.css
[2017-02-07 10:32:58.911] [WARN] normal - GET /
[2017-02-07 10:36:01.143] [WARN] normal - GET /
[2017-02-07 10:36:30.194] [WARN] normal - GET /
[2017-02-07 10:36:30.776] [WARN] normal - GET /
[2017-02-07 10:36:30.961] [WARN] normal - GET /
[2017-02-07 10:40:15.291] [WARN] normal - GET /
[2017-02-07 10:40:15.751] [WARN] normal - GET /
[2017-02-07 10:40:15.919] [WARN] normal - GET /
[2017-02-07 10:41:18.489] [WARN] normal - GET /
[2017-02-07 10:41:24.180] [WARN] normal - GET /
[2017-02-07 10:41:24.351] [WARN] normal - GET /
[2017-02-07 10:41:24.484] [WARN] normal - GET /
[2017-02-07 10:41:24.622] [WARN] normal - GET /
[2017-02-07 10:41:24.773] [WARN] normal - GET /
[2017-02-07 10:41:24.940] [WARN] normal - GET /
[2017-02-07 10:41:36.599] [WARN] normal - GET /
[2017-02-07 10:41:36.684] [INFO] normal - GET /css/index.css
[2017-02-07 10:41:37.035] [WARN] normal - GET /
[2017-02-07 10:43:15.687] [WARN] normal - GET /
[2017-02-07 10:43:18.770] [WARN] normal - GET /
[2017-02-07 10:43:18.926] [WARN] normal - GET /
[2017-02-07 10:43:19.079] [WARN] normal - GET /
[2017-02-07 10:43:19.197] [WARN] normal - GET /
[2017-02-07 10:43:19.356] [WARN] normal - GET /
[2017-02-07 10:43:19.468] [WARN] normal - GET /
[2017-02-07 10:45:37.658] [WARN] normal - GET /
[2017-02-07 10:53:02.399] [WARN] normal - GET /
[2017-02-07 10:53:12.974] [WARN] normal - GET /
[2017-02-07 10:53:13.136] [WARN] normal - GET /
[2017-02-07 10:53:13.283] [WARN] normal - GET /
[2017-02-07 10:58:31.563] [WARN] normal - GET /
[2017-02-07 10:58:41.087] [WARN] normal - GET /
[2017-02-07 10:58:41.284] [INFO] normal - GET /css/index.css
[2017-02-07 10:58:50.893] [WARN] normal - GET /
[2017-02-07 10:59:11.733] [WARN] normal - GET /
[2017-02-07 11:09:00.398] [WARN] normal - GET /
[2017-02-07 11:24:00.570] [WARN] normal - GET /
[2017-02-07 11:24:00.731] [ERROR] normal - GET /css/index.css
[2017-02-07 11:27:33.307] [WARN] normal - GET /
[2017-02-07 11:27:33.372] [INFO] normal - GET /css/index.css
[2017-02-07 12:40:10.127] [INFO] normal - GET /
[2017-02-07 12:40:10.162] [INFO] normal - GET /css/index.css
[2017-02-07 12:45:08.275] [INFO] normal - GET /
[2017-02-07 12:45:18.496] [INFO] normal - GET /
[2017-02-07 12:58:57.175] [WARN] normal - GET /
[2017-02-07 12:59:16.327] [WARN] normal - GET /
[2017-02-07 13:14:31.786] [INFO] normal - GET /
[2017-02-07 13:15:16.997] [WARN] normal - GET /
[2017-02-07 13:15:23.614] [WARN] normal - GET /
[2017-02-07 13:15:23.906] [INFO] normal - GET /css/index.css
[2017-02-07 13:20:40.190] [INFO] normal - GET /
[2017-02-07 13:20:40.271] [INFO] normal - GET /css/index.css
[2017-02-07 13:22:27.194] [WARN] normal - GET /
[2017-02-07 13:22:27.280] [INFO] normal - GET /css/index.css
[2017-02-07 13:23:26.017] [WARN] normal - GET /
[2017-02-07 13:23:26.162] [INFO] normal - GET /css/index.css
[2017-02-07 13:33:03.154] [INFO] normal - GET /
[2017-02-07 13:33:27.037] [INFO] normal - GET /
[2017-02-07 13:33:57.225] [INFO] normal - GET /
[2017-02-07 13:37:17.693] [INFO] normal - GET /
[2017-02-07 13:37:17.837] [INFO] normal - GET /css/index.css
[2017-02-07 13:41:38.355] [INFO] normal - GET /
[2017-02-07 13:42:18.715] [WARN] normal - GET /
[2017-02-07 13:42:18.859] [INFO] normal - GET /css/index.css
[2017-02-07 13:43:49.944] [INFO] normal - GET /
[2017-02-07 13:43:50.013] [INFO] normal - GET /css/index.css
[2017-02-07 13:44:17.052] [INFO] normal - GET /
[2017-02-07 19:51:35.466] [INFO] normal - GET /
[2017-02-07 19:51:37.430] [ERROR] normal - GET /favicon.ico
[2017-02-07 19:52:09.481] [WARN] normal - GET /
[2017-02-07 19:52:10.167] [WARN] normal - GET /
[2017-02-07 19:52:18.796] [WARN] normal - GET /
[2017-02-07 20:26:59.514] [INFO] normal - GET /
[2017-02-07 20:27:01.315] [WARN] normal - GET /
[2017-02-07 20:27:56.921] [INFO] normal - GET /
[2017-02-07 21:05:47.242] [INFO] normal - GET /
[2017-02-07 21:15:42.738] [WARN] normal - GET /
[2017-02-07 21:34:48.878] [WARN] normal - GET /
[2017-02-07 21:34:54.039] [WARN] normal - GET /
[2017-02-07 21:34:55.462] [WARN] normal - GET /
[2017-02-07 21:41:10.818] [WARN] normal - GET /
[2017-02-07 21:41:15.323] [WARN] normal - GET /
[2017-02-07 21:53:17.116] [INFO] normal - GET /
[2017-02-07 22:01:12.118] [WARN] normal - GET /
[2017-02-07 22:01:13.231] [WARN] normal - GET /
[2017-02-07 22:01:13.520] [WARN] normal - GET /
[2017-02-07 22:01:13.725] [WARN] normal - GET /
[2017-02-07 22:03:01.620] [WARN] normal - GET /
[2017-02-07 22:05:30.276] [WARN] normal - GET /
[2017-02-07 22:06:08.454] [WARN] normal - GET /
[2017-02-07 22:08:43.772] [WARN] normal - GET /
[2017-02-07 22:08:50.407] [WARN] normal - GET /
[2017-02-07 22:09:11.010] [WARN] normal - GET /
[2017-02-07 22:09:12.179] [WARN] normal - GET /
[2017-02-07 22:09:40.954] [WARN] normal - GET /
[2017-02-07 22:14:55.814] [WARN] normal - GET /
[2017-02-07 22:15:32.521] [WARN] normal - GET /
[2017-02-07 22:16:53.922] [WARN] normal - GET /
[2017-02-07 22:19:52.631] [WARN] normal - GET /
[2017-02-07 22:21:16.562] [WARN] normal - GET /
[2017-02-07 22:22:04.131] [WARN] normal - GET /
[2017-02-07 22:22:38.011] [WARN] normal - GET /
[2017-02-07 22:22:43.027] [WARN] normal - GET /
[2017-02-07 22:22:51.052] [WARN] normal - GET /
[2017-02-07 22:24:34.382] [WARN] normal - GET /
[2017-02-07 22:25:09.420] [WARN] normal - GET /
[2017-02-07 22:28:20.434] [WARN] normal - GET /
[2017-02-07 22:29:30.997] [WARN] normal - GET /
[2017-02-07 22:32:17.159] [WARN] normal - GET /
[2017-02-07 22:33:23.718] [WARN] normal - GET /
[2017-02-07 22:33:42.141] [WARN] normal - GET /
[2017-02-08 08:07:53.757] [INFO] normal - GET /
[2017-02-08 08:07:55.890] [ERROR] normal - GET /favicon.ico
[2017-02-08 08:19:51.078] [WARN] normal - GET /
[2017-02-08 08:20:34.718] [WARN] normal - GET /
[2017-02-08 08:28:40.444] [WARN] normal - GET /
[2017-02-08 08:29:19.532] [WARN] normal - GET /
[2017-02-08 08:42:51.052] [WARN] normal - GET /
[2017-02-08 08:42:59.815] [WARN] normal - GET /
[2017-02-08 08:44:23.337] [WARN] normal - GET /
[2017-02-08 09:35:54.655] [INFO] normal - GET /
[2017-02-08 09:42:22.028] [WARN] normal - GET /
[2017-02-08 09:42:24.050] [WARN] normal - GET /
[2017-02-08 09:44:42.230] [WARN] normal - GET /
[2017-02-08 09:53:13.493] [WARN] normal - GET /
[2017-02-08 09:53:14.243] [WARN] normal - GET /
[2017-02-08 09:53:14.755] [WARN] normal - GET /
[2017-02-08 09:53:15.140] [WARN] normal - GET /
[2017-02-08 09:53:15.493] [WARN] normal - GET /
[2017-02-08 09:53:15.726] [WARN] normal - GET /
[2017-02-08 09:53:16.082] [WARN] normal - GET /
[2017-02-08 09:53:16.569] [WARN] normal - GET /
[2017-02-08 10:11:45.882] [WARN] normal - GET /
[2017-02-08 10:13:23.084] [WARN] normal - GET /
[2017-02-08 10:15:11.878] [WARN] normal - GET /
[2017-02-08 10:15:12.053] [INFO] normal - GET /css/index.css
[2017-02-08 10:15:15.708] [WARN] normal - GET /
[2017-02-08 10:20:48.950] [WARN] normal - GET /
[2017-02-08 10:20:49.007] [INFO] normal - GET /css/index.css
[2017-02-08 10:25:02.876] [WARN] normal - GET /
[2017-02-08 10:30:13.416] [WARN] normal - GET /
[2017-02-08 10:30:15.369] [WARN] normal - GET /
[2017-02-08 10:30:24.009] [WARN] normal - GET /
[2017-02-08 10:30:24.128] [INFO] normal - GET /css/index.css
[2017-02-08 10:35:27.460] [WARN] normal - GET /
[2017-02-08 10:35:27.616] [INFO] normal - GET /css/index.css
[2017-02-08 10:35:28.658] [WARN] normal - GET /
[2017-02-08 10:38:10.249] [WARN] normal - GET /
[2017-02-08 10:38:10.306] [INFO] normal - GET /css/index.css
[2017-02-08 11:16:13.989] [WARN] normal - GET /
[2017-02-08 11:30:59.018] [WARN] normal - GET /
[2017-02-08 11:31:03.587] [WARN] normal - GET /
[2017-02-08 11:43:48.754] [WARN] normal - GET /
[2017-02-08 11:50:11.237] [WARN] normal - GET /
[2017-02-08 12:04:47.502] [WARN] normal - GET /
[2017-02-08 12:04:47.836] [ERROR] normal - POST /mainWraper.json
[2017-02-08 12:04:48.008] [WARN] normal - GET /
[2017-02-08 12:04:48.344] [ERROR] normal - POST /mainWraper.json
[2017-02-08 12:19:29.702] [WARN] normal - GET /
[2017-02-08 12:19:30.126] [ERROR] normal - POST /getMainWraper
[2017-02-08 12:23:56.821] [WARN] normal - GET /
[2017-02-08 12:23:57.145] [ERROR] normal - POST /getMainWraper
[2017-02-08 12:27:02.886] [WARN] normal - GET /
[2017-02-08 12:27:03.182] [INFO] normal - POST /getMainWraper
[2017-02-08 12:29:10.455] [WARN] normal - GET /
[2017-02-08 12:29:10.754] [ERROR] normal - POST /getMainWraper
[2017-02-08 12:29:28.789] [WARN] normal - GET /
[2017-02-08 12:29:29.084] [ERROR] normal - POST /getMainWraper
[2017-02-08 12:29:55.164] [WARN] normal - GET /
[2017-02-08 12:29:55.460] [ERROR] normal - POST /getMainWraper
[2017-02-08 12:30:22.338] [WARN] normal - GET /
[2017-02-08 12:30:22.614] [ERROR] normal - POST /getMainWraper
[2017-02-08 12:30:53.141] [WARN] normal - GET /
[2017-02-08 12:30:53.465] [ERROR] normal - POST /getMainWraper
[2017-02-08 12:33:37.354] [WARN] normal - GET /
[2017-02-08 12:33:37.770] [ERROR] normal - POST /getMainWraper
[2017-02-08 12:34:24.024] [WARN] normal - GET /
[2017-02-08 12:34:24.412] [ERROR] normal - POST /getMainWraper
[2017-02-08 12:35:41.792] [WARN] normal - GET /
[2017-02-08 12:35:42.120] [INFO] normal - POST /getMainWraper
[2017-02-08 12:36:32.481] [WARN] normal - GET /
[2017-02-08 12:36:32.789] [INFO] normal - POST /getMainWraper
[2017-02-08 12:37:01.090] [WARN] normal - GET /
[2017-02-08 12:37:01.346] [INFO] normal - POST /getMainWraper
[2017-02-08 12:37:19.042] [WARN] normal - GET /
[2017-02-08 12:37:19.314] [INFO] normal - POST /getMainWraper
[2017-02-08 12:37:49.971] [WARN] normal - GET /
[2017-02-08 12:37:50.343] [INFO] normal - POST /getMainWraper
[2017-02-08 12:39:00.776] [WARN] normal - GET /
[2017-02-08 12:39:01.068] [INFO] normal - POST /getMainWraper
[2017-02-08 12:39:52.175] [WARN] normal - GET /
[2017-02-08 12:39:52.575] [INFO] normal - POST /getMainWraper
[2017-02-08 12:40:16.837] [WARN] normal - GET /
[2017-02-08 12:40:17.106] [INFO] normal - POST /getMainWraper
[2017-02-08 12:40:57.927] [WARN] normal - GET /
[2017-02-08 12:40:58.199] [INFO] normal - POST /getMainWraper
[2017-02-08 12:41:33.922] [WARN] normal - GET /
[2017-02-08 12:41:34.246] [INFO] normal - POST /getMainWraper
[2017-02-08 12:43:59.924] [WARN] normal - GET /
[2017-02-08 12:44:00.216] [INFO] normal - POST /getMainWraper
[2017-02-08 12:44:53.571] [WARN] normal - GET /
[2017-02-08 12:44:53.870] [INFO] normal - POST /getMainWraper
[2017-02-08 12:46:47.020] [WARN] normal - GET /
[2017-02-08 12:46:47.340] [INFO] normal - POST /getMainWraper
[2017-02-08 12:53:49.005] [WARN] normal - GET /
[2017-02-08 12:59:04.722] [WARN] normal - GET /
[2017-02-08 13:00:12.118] [WARN] normal - GET /
[2017-02-08 13:02:49.917] [WARN] normal - GET /
[2017-02-08 13:07:06.853] [WARN] normal - GET /
[2017-02-08 13:12:36.624] [WARN] normal - GET /
[2017-02-08 13:14:00.427] [WARN] normal - GET /
[2017-02-08 13:15:56.225] [WARN] normal - GET /
[2017-02-08 13:21:07.090] [WARN] normal - GET /
[2017-02-08 13:22:15.430] [WARN] normal - GET /
[2017-02-08 13:23:29.341] [WARN] normal - GET /
[2017-02-08 13:46:19.279] [WARN] normal - GET /
[2017-02-08 13:49:17.525] [WARN] normal - GET /
[2017-02-08 14:00:23.856] [WARN] normal - GET /
[2017-02-08 14:01:15.728] [WARN] normal - GET /
[2017-02-08 14:02:18.984] [WARN] normal - GET /
[2017-02-08 14:02:24.818] [WARN] normal - GET /
[2017-02-08 14:02:36.180] [WARN] normal - GET /
[2017-02-08 14:06:52.549] [WARN] normal - GET /
[2017-02-08 14:07:48.188] [WARN] normal - GET /
[2017-02-08 14:10:21.582] [WARN] normal - GET /
[2017-02-08 14:11:00.298] [WARN] normal - GET /
[2017-02-08 14:11:53.826] [WARN] normal - GET /
[2017-02-08 14:13:12.734] [WARN] normal - GET /
[2017-02-08 14:22:02.625] [WARN] normal - GET /
[2017-02-08 14:30:25.138] [WARN] normal - GET /
[2017-02-08 14:31:34.780] [WARN] normal - GET /
[2017-02-08 14:40:59.081] [WARN] normal - GET /
[2017-02-08 14:42:43.840] [WARN] normal - GET /
[2017-02-08 14:42:48.486] [WARN] normal - GET /
[2017-02-08 14:45:23.294] [WARN] normal - GET /
[2017-02-08 14:45:39.025] [WARN] normal - GET /
[2017-02-08 14:49:00.946] [WARN] normal - GET /
[2017-02-08 14:53:28.990] [WARN] normal - GET /
[2017-02-08 14:53:37.498] [WARN] normal - GET /
[2017-02-08 14:53:43.055] [WARN] normal - GET /
[2017-02-08 14:57:17.900] [WARN] normal - GET /
[2017-02-08 14:57:27.653] [WARN] normal - GET /
[2017-02-08 14:57:43.877] [WARN] normal - GET /
[2017-02-08 14:58:24.161] [WARN] normal - GET /
[2017-02-08 15:02:17.917] [WARN] normal - GET /
[2017-02-08 15:03:58.657] [WARN] normal - GET /
[2017-02-08 15:04:05.607] [WARN] normal - GET /
[2017-02-08 15:05:27.955] [WARN] normal - GET /
[2017-02-08 15:10:05.124] [WARN] normal - GET /
[2017-02-08 15:10:08.267] [WARN] normal - GET /
[2017-02-08 15:28:54.057] [WARN] normal - GET /
[2017-02-08 15:28:54.220] [INFO] normal - GET /css/index.css
[2017-02-08 15:30:09.779] [WARN] normal - GET /
[2017-02-08 15:30:09.843] [INFO] normal - GET /css/index.css
[2017-02-08 15:32:01.247] [WARN] normal - GET /
[2017-02-08 15:40:30.057] [INFO] normal - GET /
[2017-02-08 15:41:01.098] [INFO] normal - GET /
[2017-02-08 15:41:03.847] [WARN] normal - GET /
[2017-02-08 15:41:04.334] [WARN] normal - GET /
[2017-02-08 15:42:36.442] [INFO] normal - GET /
[2017-02-08 15:42:41.418] [WARN] normal - GET /
[2017-02-08 15:43:17.174] [INFO] normal - GET /
[2017-02-08 15:43:29.012] [INFO] normal - GET /
[2017-02-08 15:43:52.534] [INFO] normal - GET /
[2017-02-08 15:44:44.468] [INFO] normal - GET /
[2017-02-08 15:48:10.748] [WARN] normal - GET /
[2017-02-08 15:48:26.108] [WARN] normal - GET /
[2017-02-08 15:48:45.341] [WARN] normal - GET /
[2017-02-08 15:49:16.090] [WARN] normal - GET /
[2017-02-08 15:50:59.956] [WARN] normal - GET /
[2017-02-08 15:51:49.468] [WARN] normal - GET /
[2017-02-08 15:54:43.348] [WARN] normal - GET /
[2017-02-08 16:00:10.023] [INFO] normal - GET /
[2017-02-08 16:01:02.728] [WARN] normal - GET /
[2017-02-08 16:01:58.763] [WARN] normal - GET /
[2017-02-08 16:02:20.391] [WARN] normal - GET /
[2017-02-08 16:02:41.716] [WARN] normal - GET /
[2017-02-08 16:02:42.380] [WARN] normal - GET /
[2017-02-08 16:03:14.945] [WARN] normal - GET /
[2017-02-08 16:03:20.661] [WARN] normal - GET /
[2017-02-08 16:03:44.045] [INFO] normal - GET /
[2017-02-08 16:04:57.001] [WARN] normal - GET /
[2017-02-08 16:05:05.783] [WARN] normal - GET /
[2017-02-08 16:05:17.102] [WARN] normal - GET /
[2017-02-08 16:09:26.592] [WARN] normal - GET /
[2017-02-08 16:09:30.610] [WARN] normal - GET /
[2017-02-08 16:10:32.749] [WARN] normal - GET /
[2017-02-08 16:12:15.963] [WARN] normal - GET /
[2017-02-08 16:12:20.150] [WARN] normal - GET /
[2017-02-08 16:12:45.776] [WARN] normal - GET /
[2017-02-08 16:18:02.601] [INFO] normal - GET /
[2017-02-08 16:19:13.322] [WARN] normal - GET /
[2017-02-08 16:20:23.548] [WARN] normal - GET /
[2017-02-08 16:20:23.644] [INFO] normal - GET /css/index.css
[2017-02-08 16:23:33.422] [WARN] normal - GET /
[2017-02-08 16:23:33.492] [INFO] normal - GET /css/index.css
[2017-02-08 16:24:44.874] [WARN] normal - GET /
[2017-02-08 16:24:45.151] [ERROR] normal - GET /images/slt3.jpg
[2017-02-08 16:24:45.154] [ERROR] normal - GET /images/slt1.jpg
[2017-02-08 16:24:46.294] [WARN] normal - GET /
[2017-02-08 16:24:46.508] [ERROR] normal - GET /images/slt1.jpg
[2017-02-08 16:24:46.518] [ERROR] normal - GET /images/slt3.jpg
[2017-02-08 16:25:02.667] [WARN] normal - GET /
[2017-02-08 16:25:03.399] [WARN] normal - GET /
[2017-02-08 16:25:04.456] [WARN] normal - GET /
[2017-02-08 16:25:04.922] [WARN] normal - GET /
[2017-02-08 16:25:53.845] [WARN] normal - GET /
[2017-02-08 16:25:54.748] [WARN] normal - GET /
[2017-02-08 16:26:43.330] [WARN] normal - GET /
[2017-02-13 17:06:22.954] [INFO] normal - GET /
[2017-02-14 08:35:03.857] [INFO] normal - GET /
[2017-02-14 08:35:08.360] [ERROR] normal - GET /favicon.ico
[2017-02-14 08:53:55.146] [WARN] normal - GET /
[2017-02-14 09:12:46.312] [WARN] normal - GET /
[2017-02-14 09:14:40.724] [WARN] normal - GET /
[2017-02-14 10:32:58.334] [WARN] normal - GET /
[2017-02-14 10:37:52.630] [WARN] normal - GET /
[2017-02-14 10:55:27.785] [INFO] normal - GET /
[2017-02-14 10:56:14.490] [WARN] normal - GET /
[2017-02-14 10:56:41.318] [WARN] normal - GET /
[2017-02-14 11:06:26.659] [WARN] normal - GET /
[2017-02-14 12:22:13.247] [WARN] normal - GET /
[2017-02-14 12:35:01.582] [WARN] normal - GET /
[2017-02-14 12:43:10.952] [WARN] normal - GET /
[2017-02-14 12:47:24.068] [WARN] normal - GET /
[2017-02-14 12:51:29.334] [INFO] normal - GET /
[2017-02-14 13:23:42.305] [WARN] normal - GET /
[2017-02-14 13:23:42.370] [ERROR] normal - GET /style.css
[2017-02-14 13:26:18.421] [WARN] normal - GET /
[2017-02-14 13:26:18.467] [ERROR] normal - GET /style.css
[2017-02-14 13:27:51.787] [WARN] normal - GET /
[2017-02-14 13:27:51.836] [ERROR] normal - GET /style.css
[2017-02-14 13:27:52.328] [ERROR] normal - GET /src/dist/e5216380751641dc7365.hot-update.json
[2017-02-14 13:27:52.750] [WARN] normal - GET /
[2017-02-14 13:27:53.009] [ERROR] normal - GET /style.css
[2017-02-14 13:27:53.574] [ERROR] normal - GET /src/dist/e5216380751641dc7365.hot-update.json
[2017-02-14 13:27:53.839] [WARN] normal - GET /
[2017-02-14 13:27:54.117] [ERROR] normal - GET /style.css
[2017-02-14 13:27:54.705] [ERROR] normal - GET /src/dist/e5216380751641dc7365.hot-update.json
[2017-02-14 13:27:54.951] [WARN] normal - GET /
[2017-02-14 13:27:55.282] [ERROR] normal - GET /style.css
[2017-02-14 13:27:55.888] [ERROR] normal - GET /src/dist/e5216380751641dc7365.hot-update.json
[2017-02-14 13:27:56.253] [WARN] normal - GET /
[2017-02-14 13:27:56.650] [ERROR] normal - GET /style.css
[2017-02-14 13:27:57.309] [ERROR] normal - GET /src/dist/e5216380751641dc7365.hot-update.json
[2017-02-14 13:27:57.608] [WARN] normal - GET /
[2017-02-14 13:27:58.228] [ERROR] normal - GET /style.css
[2017-02-14 13:27:58.776] [ERROR] normal - GET /src/dist/e5216380751641dc7365.hot-update.json
[2017-02-14 13:27:58.818] [WARN] normal - GET /
[2017-02-14 13:29:59.692] [INFO] normal - GET /
[2017-02-14 13:30:13.587] [INFO] normal - GET /
[2017-02-14 13:30:13.618] [ERROR] normal - GET /style.css
[2017-02-14 13:30:14.200] [ERROR] normal - GET /src/dist/e5216380751641dc7365.hot-update.json
[2017-02-14 13:30:14.236] [WARN] normal - GET /
[2017-02-14 13:30:14.288] [ERROR] normal - GET /style.css
[2017-02-14 13:30:15.010] [ERROR] normal - GET /src/dist/e5216380751641dc7365.hot-update.json
[2017-02-14 13:30:15.075] [WARN] normal - GET /
[2017-02-14 13:30:15.119] [ERROR] normal - GET /style.css
[2017-02-14 13:30:15.721] [ERROR] normal - GET /src/dist/e5216380751641dc7365.hot-update.json
[2017-02-14 13:30:15.954] [WARN] normal - GET /
[2017-02-14 13:30:16.208] [ERROR] normal - GET /style.css
[2017-02-14 13:30:16.902] [ERROR] normal - GET /src/dist/e5216380751641dc7365.hot-update.json
[2017-02-14 13:30:17.326] [WARN] normal - GET /
[2017-02-14 13:30:17.484] [ERROR] normal - GET /style.css
[2017-02-14 13:30:18.137] [ERROR] normal - GET /src/dist/e5216380751641dc7365.hot-update.json
[2017-02-14 13:30:18.586] [WARN] normal - GET /
[2017-02-14 13:30:18.760] [ERROR] normal - GET /style.css
[2017-02-14 13:30:19.249] [ERROR] normal - GET /src/dist/e5216380751641dc7365.hot-update.json
[2017-02-14 13:30:19.483] [WARN] normal - GET /
[2017-02-14 13:30:19.661] [ERROR] normal - GET /style.css
[2017-02-14 13:35:10.614] [WARN] normal - GET /
[2017-02-14 13:35:10.654] [ERROR] normal - GET /style.css
[2017-02-14 13:35:11.240] [ERROR] normal - GET /src/dist/e5216380751641dc7365.hot-update.json
[2017-02-14 13:35:11.486] [WARN] normal - GET /
[2017-02-14 13:35:11.774] [ERROR] normal - GET /style.css
[2017-02-14 13:35:12.298] [ERROR] normal - GET /src/dist/e5216380751641dc7365.hot-update.json
[2017-02-14 13:35:12.561] [WARN] normal - GET /
[2017-02-14 13:35:12.789] [ERROR] normal - GET /style.css
[2017-02-14 13:35:13.358] [ERROR] normal - GET /src/dist/e5216380751641dc7365.hot-update.json
[2017-02-14 13:35:13.688] [WARN] normal - GET /
[2017-02-14 13:35:13.845] [ERROR] normal - GET /style.css
[2017-02-14 13:35:14.392] [ERROR] normal - GET /src/dist/e5216380751641dc7365.hot-update.json
[2017-02-14 13:36:26.586] [INFO] normal - GET /
[2017-02-14 13:36:26.635] [ERROR] normal - GET /style.css
[2017-02-14 13:36:27.371] [ERROR] normal - GET /src/dist/e5216380751641dc7365.hot-update.json
[2017-02-14 13:36:27.434] [WARN] normal - GET /
[2017-02-14 13:36:27.536] [ERROR] normal - GET /style.css
[2017-02-14 13:36:28.096] [ERROR] normal - GET /src/dist/e5216380751641dc7365.hot-update.json
[2017-02-14 13:36:28.400] [WARN] normal - GET /
[2017-02-14 13:36:28.744] [ERROR] normal - GET /style.css
[2017-02-14 13:36:29.380] [ERROR] normal - GET /src/dist/e5216380751641dc7365.hot-update.json
[2017-02-14 13:36:29.610] [WARN] normal - GET /
[2017-02-14 13:36:29.878] [ERROR] normal - GET /style.css
[2017-02-14 13:36:30.510] [ERROR] normal - GET /src/dist/e5216380751641dc7365.hot-update.json
[2017-02-14 13:36:30.811] [WARN] normal - GET /
[2017-02-14 13:36:31.045] [ERROR] normal - GET /style.css
[2017-02-14 13:36:32.451] [ERROR] normal - GET /src/dist/e5216380751641dc7365.hot-update.json
[2017-02-14 13:36:32.488] [WARN] normal - GET /
[2017-02-14 13:36:32.794] [ERROR] normal - GET /style.css
[2017-02-14 13:36:33.840] [ERROR] normal - GET /src/dist/e5216380751641dc7365.hot-update.json
[2017-02-14 13:36:34.165] [WARN] normal - GET /
[2017-02-14 13:36:34.421] [ERROR] normal - GET /style.css
[2017-02-14 13:36:35.162] [ERROR] normal - GET /src/dist/e5216380751641dc7365.hot-update.json
[2017-02-14 13:36:35.412] [WARN] normal - GET /
[2017-02-14 13:36:35.657] [ERROR] normal - GET /style.css
[2017-02-14 13:39:28.853] [WARN] normal - GET /
[2017-02-14 13:39:28.901] [ERROR] normal - GET /style.css
[2017-02-14 13:39:29.411] [ERROR] normal - GET /src/dist/e5216380751641dc7365.hot-update.json
[2017-02-14 13:39:29.759] [WARN] normal - GET /
[2017-02-14 13:39:29.978] [ERROR] normal - GET /style.css
[2017-02-14 13:39:30.531] [ERROR] normal - GET /src/dist/e5216380751641dc7365.hot-update.json
[2017-02-14 13:39:30.771] [WARN] normal - GET /
[2017-02-14 13:39:31.029] [ERROR] normal - GET /style.css
[2017-02-14 13:39:31.642] [ERROR] normal - GET /src/dist/e5216380751641dc7365.hot-update.json
[2017-02-14 13:39:31.921] [WARN] normal - GET /
[2017-02-14 13:39:32.168] [ERROR] normal - GET /style.css
[2017-02-14 13:39:51.015] [WARN] normal - GET /
[2017-02-14 13:39:51.586] [ERROR] normal - GET /src/dist/e5216380751641dc7365.hot-update.json
[2017-02-14 13:39:51.863] [WARN] normal - GET /
[2017-02-14 13:39:52.689] [ERROR] normal - GET /src/dist/e5216380751641dc7365.hot-update.json
[2017-02-14 13:39:52.952] [WARN] normal - GET /
[2017-02-14 13:39:53.594] [ERROR] normal - GET /src/dist/e5216380751641dc7365.hot-update.json
[2017-02-14 13:39:53.830] [WARN] normal - GET /
[2017-02-14 13:39:54.502] [ERROR] normal - GET /src/dist/e5216380751641dc7365.hot-update.json
[2017-02-14 13:39:54.972] [WARN] normal - GET /
[2017-02-14 13:39:55.712] [ERROR] normal - GET /src/dist/e5216380751641dc7365.hot-update.json
[2017-02-14 13:39:55.953] [WARN] normal - GET /
[2017-02-14 13:39:56.822] [ERROR] normal - GET /src/dist/e5216380751641dc7365.hot-update.json
[2017-02-14 13:39:57.080] [WARN] normal - GET /
[2017-02-14 13:44:54.858] [ERROR] normal - GET /src/dist/e5216380751641dc7365.hot-update.json
[2017-02-14 13:44:55.020] [WARN] normal - GET /
[2017-02-14 13:44:55.061] [ERROR] normal - GET /style.css
[2017-02-14 13:44:55.712] [ERROR] normal - GET /src/dist/e5216380751641dc7365.hot-update.json
[2017-02-14 13:44:56.002] [WARN] normal - GET /
[2017-02-14 13:44:56.246] [ERROR] normal - GET /style.css
[2017-02-14 13:44:57.009] [ERROR] normal - GET /src/dist/e5216380751641dc7365.hot-update.json
[2017-02-14 13:44:57.451] [WARN] normal - GET /
[2017-02-14 13:44:57.665] [ERROR] normal - GET /style.css
[2017-02-14 13:44:58.315] [ERROR] normal - GET /src/dist/e5216380751641dc7365.hot-update.json
[2017-02-14 13:44:58.627] [WARN] normal - GET /
[2017-02-14 13:44:58.895] [ERROR] normal - GET /style.css
[2017-02-14 13:44:59.684] [ERROR] normal - GET /src/dist/e5216380751641dc7365.hot-update.json
[2017-02-14 13:44:59.722] [WARN] normal - GET /
[2017-02-14 13:45:00.091] [ERROR] normal - GET /style.css
[2017-02-14 13:45:00.918] [ERROR] normal - GET /src/dist/e5216380751641dc7365.hot-update.json
[2017-02-14 13:45:01.440] [WARN] normal - GET /
[2017-02-14 13:45:01.674] [ERROR] normal - GET /style.css
[2017-02-14 13:45:02.143] [ERROR] normal - GET /src/dist/e5216380751641dc7365.hot-update.json
[2017-02-14 13:45:02.503] [WARN] normal - GET /
[2017-02-14 13:45:02.729] [ERROR] normal - GET /style.css
[2017-02-14 13:45:03.646] [ERROR] normal - GET /src/dist/e5216380751641dc7365.hot-update.json
[2017-02-14 13:45:03.879] [WARN] normal - GET /
[2017-02-14 13:45:04.554] [ERROR] normal - GET /style.css
[2017-02-14 13:45:05.115] [ERROR] normal - GET /src/dist/e5216380751641dc7365.hot-update.json
[2017-02-14 13:45:05.144] [WARN] normal - GET /
[2017-02-14 13:45:05.182] [ERROR] normal - GET /style.css
[2017-02-14 13:45:06.043] [ERROR] normal - GET /src/dist/e5216380751641dc7365.hot-update.json
[2017-02-14 13:45:06.295] [WARN] normal - GET /
[2017-02-14 13:45:06.543] [ERROR] normal - GET /style.css
[2017-02-14 13:45:07.124] [ERROR] normal - GET /src/dist/e5216380751641dc7365.hot-update.json
[2017-02-14 13:45:07.364] [WARN] normal - GET /
[2017-02-14 13:45:07.576] [ERROR] normal - GET /style.css
[2017-02-14 13:45:08.150] [ERROR] normal - GET /src/dist/e5216380751641dc7365.hot-update.json
[2017-02-14 13:45:08.386] [WARN] normal - GET /
[2017-02-14 13:46:19.045] [WARN] normal - GET /
[2017-02-14 13:46:20.104] [ERROR] normal - GET /style.css
[2017-02-14 13:48:17.421] [ERROR] normal - GET /src/dist/e5216380751641dc7365.hot-update.json
[2017-02-14 13:48:17.445] [INFO] normal - GET /
[2017-02-14 13:48:18.045] [ERROR] normal - GET /src/dist/e5216380751641dc7365.hot-update.json
[2017-02-14 13:48:18.115] [WARN] normal - GET /
[2017-02-14 13:48:18.625] [ERROR] normal - GET /src/dist/e5216380751641dc7365.hot-update.json
[2017-02-14 13:48:18.862] [WARN] normal - GET /
[2017-02-14 13:48:19.637] [ERROR] normal - GET /src/dist/e5216380751641dc7365.hot-update.json
[2017-02-14 13:48:19.875] [WARN] normal - GET /
[2017-02-14 13:48:20.685] [ERROR] normal - GET /src/dist/e5216380751641dc7365.hot-update.json
[2017-02-14 13:48:20.945] [WARN] normal - GET /
[2017-02-14 13:49:21.567] [WARN] normal - GET /
[2017-02-14 13:49:22.183] [ERROR] normal - GET /src/dist/e5216380751641dc7365.hot-update.json
[2017-02-14 13:49:22.572] [WARN] normal - GET /
[2017-02-14 13:49:23.310] [ERROR] normal - GET /src/dist/e5216380751641dc7365.hot-update.json
[2017-02-14 13:49:23.522] [WARN] normal - GET /
[2017-02-14 13:49:24.318] [ERROR] normal - GET /src/dist/e5216380751641dc7365.hot-update.json
[2017-02-14 13:49:24.562] [WARN] normal - GET /
[2017-02-14 14:01:39.446] [ERROR] normal - GET /src/dist/e5216380751641dc7365.hot-update.json
[2017-02-14 14:01:39.463] [WARN] normal - GET /
[2017-02-14 14:01:40.983] [ERROR] normal - GET /src/dist/e5216380751641dc7365.hot-update.json
[2017-02-14 14:01:41.029] [WARN] normal - GET /
[2017-02-14 14:01:41.576] [ERROR] normal - GET /src/dist/e5216380751641dc7365.hot-update.json
[2017-02-14 14:01:41.602] [WARN] normal - GET /
[2017-02-14 14:02:23.129] [WARN] normal - GET /
[2017-02-14 14:02:23.817] [ERROR] normal - GET /src/dist/e5216380751641dc7365.hot-update.json
[2017-02-14 14:02:24.200] [WARN] normal - GET /
[2017-02-14 14:02:49.066] [WARN] normal - GET /
[2017-02-14 14:02:49.585] [ERROR] normal - GET /src/dist/e5216380751641dc7365.hot-update.json
[2017-02-14 14:02:49.982] [WARN] normal - GET /
[2017-02-14 14:02:50.674] [ERROR] normal - GET /src/dist/e5216380751641dc7365.hot-update.json
[2017-02-14 14:02:50.977] [WARN] normal - GET /
[2017-02-14 14:03:27.753] [INFO] normal - GET /
[2017-02-14 14:03:27.825] [ERROR] normal - GET /style.css
[2017-02-14 14:03:28.395] [ERROR] normal - GET /src/dist/e5216380751641dc7365.hot-update.json
[2017-02-14 14:03:28.693] [WARN] normal - GET /
[2017-02-14 14:03:28.855] [ERROR] normal - GET /style.css
[2017-02-14 14:03:29.405] [ERROR] normal - GET /src/dist/e5216380751641dc7365.hot-update.json
[2017-02-14 14:06:07.315] [WARN] normal - GET /
[2017-02-14 14:06:07.438] [ERROR] normal - GET /style.css
[2017-02-14 14:06:07.855] [ERROR] normal - GET /src/dist/e5216380751641dc7365.hot-update.json
[2017-02-14 14:06:07.900] [WARN] normal - GET /
[2017-02-14 14:06:08.212] [ERROR] normal - GET /style.css
[2017-02-14 14:06:08.947] [ERROR] normal - GET /src/dist/e5216380751641dc7365.hot-update.json
[2017-02-14 14:06:09.211] [WARN] normal - GET /
[2017-02-14 14:06:09.395] [ERROR] normal - GET /style.css
[2017-02-14 14:06:10.007] [ERROR] normal - GET /src/dist/e5216380751641dc7365.hot-update.json
[2017-02-14 14:06:10.271] [WARN] normal - GET /
[2017-02-14 14:06:10.498] [ERROR] normal - GET /style.css
[2017-02-14 14:07:17.512] [ERROR] normal - GET /src/dist/e5216380751641dc7365.hot-update.json
[2017-02-14 14:07:17.545] [WARN] normal - GET /
[2017-02-14 14:07:17.668] [ERROR] normal - GET /style.css
[2017-02-14 14:07:18.128] [ERROR] normal - GET /src/dist/e5216380751641dc7365.hot-update.json
[2017-02-14 14:07:18.539] [WARN] normal - GET /
[2017-02-14 14:07:18.723] [ERROR] normal - GET /style.css
[2017-02-14 14:07:19.379] [ERROR] normal - GET /src/dist/e5216380751641dc7365.hot-update.json
[2017-02-14 14:08:28.570] [WARN] normal - GET /
[2017-02-14 14:08:28.604] [ERROR] normal - GET /style.css
[2017-02-14 14:08:29.204] [ERROR] normal - GET /src/dist/e5216380751641dc7365.hot-update.json
[2017-02-14 14:08:29.625] [WARN] normal - GET /
[2017-02-14 14:08:29.794] [ERROR] normal - GET /style.css
[2017-02-14 14:08:30.452] [ERROR] normal - GET /src/dist/e5216380751641dc7365.hot-update.json
[2017-02-14 14:08:30.949] [WARN] normal - GET /
[2017-02-14 14:08:31.259] [ERROR] normal - GET /style.css
[2017-02-14 14:19:26.093] [INFO] normal - GET /
[2017-02-14 14:28:20.832] [WARN] normal - GET /
[2017-02-14 14:28:58.999] [ERROR] normal - GET /dist/index.html
[2017-02-14 14:33:20.337] [ERROR] normal - GET /dist/da92574d65ef3585af59.hot-update.json
[2017-02-14 14:33:20.365] [WARN] normal - GET /
[2017-02-14 14:33:39.662] [WARN] normal - GET /
[2017-02-14 14:33:46.834] [WARN] normal - GET /
[2017-02-14 14:36:56.038] [WARN] normal - GET /
[2017-02-14 14:41:18.905] [WARN] normal - GET /
[2017-02-14 14:50:48.624] [WARN] normal - GET /
[2017-02-20 13:49:48.436] [INFO] normal - GET /
[2017-02-20 13:50:47.016] [INFO] normal - GET /
[2017-02-20 13:50:56.093] [ERROR] normal - GET /favicon.ico
[2017-02-20 13:55:29.798] [WARN] normal - GET /
[2017-03-04 10:25:27.404] [INFO] normal - GET /
[2017-03-04 10:26:14.397] [ERROR] normal - GET /favicon.ico
[2017-03-04 10:28:33.530] [WARN] normal - GET /
[2017-03-04 10:49:15.043] [WARN] normal - GET /
[2017-03-04 10:50:14.280] [WARN] normal - GET /
[2017-03-04 10:52:22.149] [WARN] normal - GET /
[2017-03-04 10:52:50.918] [WARN] normal - GET /
[2017-03-04 10:53:19.519] [WARN] normal - GET /
[2017-03-04 10:53:30.511] [WARN] normal - GET /
[2017-03-04 10:58:10.013] [WARN] normal - GET /
[2017-03-04 10:58:54.897] [WARN] normal - GET /
[2017-03-04 10:59:17.889] [WARN] normal - GET /
[2017-03-04 11:00:44.735] [WARN] normal - GET /
[2017-03-04 11:02:24.383] [WARN] normal - GET /
[2017-03-04 11:04:10.861] [WARN] normal - GET /
[2017-03-04 11:05:40.200] [WARN] normal - GET /
[2017-03-04 11:05:42.524] [WARN] normal - GET /
[2017-03-04 11:05:58.203] [WARN] normal - GET /
[2017-03-04 11:06:27.711] [WARN] normal - GET /
[2017-03-04 11:06:57.697] [WARN] normal - GET /
[2017-03-04 11:09:03.905] [WARN] normal - GET /
[2017-03-04 11:09:27.957] [WARN] normal - GET /
[2017-03-04 11:09:30.169] [WARN] normal - GET /
[2017-03-04 11:09:31.064] [WARN] normal - GET /
[2017-03-04 11:09:49.033] [WARN] normal - GET /
[2017-03-04 11:10:04.339] [WARN] normal - GET /
[2017-03-04 11:10:06.537] [WARN] normal - GET /
[2017-03-04 11:10:07.161] [WARN] normal - GET /
[2017-03-04 11:10:21.323] [WARN] normal - GET /
[2017-03-04 11:10:22.874] [WARN] normal - GET /
[2017-03-04 11:10:40.857] [WARN] normal - GET /
[2017-03-04 11:12:20.389] [WARN] normal - GET /
[2017-03-04 11:17:13.887] [WARN] normal - GET /
[2017-03-04 11:25:34.750] [WARN] normal - GET /
[2017-03-04 14:59:22.816] [INFO] normal - GET /
[2017-03-04 14:59:22.854] [ERROR] normal - GET /dist/style.css
[2017-03-04 15:31:59.072] [INFO] normal - GET /
[2017-03-04 15:31:59.146] [ERROR] normal - GET /dist/vendor.js
[2017-03-04 15:37:53.258] [WARN] normal - GET /
[2017-03-04 15:37:53.289] [ERROR] normal - GET /dist/vendor.js
[2017-03-04 15:38:20.366] [WARN] normal - GET /
[2017-03-04 15:40:46.060] [WARN] normal - GET /
[2017-03-04 15:42:00.365] [WARN] normal - GET /
[2017-03-04 15:44:59.883] [INFO] normal - GET /
[2017-03-04 15:48:37.101] [WARN] normal - GET /
[2017-03-04 15:49:31.187] [ERROR] normal - GET /dist/0f36c3a53e53d31272dd.hot-update.json
[2017-03-04 15:49:31.704] [WARN] normal - GET /
[2017-03-04 15:50:29.254] [WARN] normal - GET /
[2017-03-04 15:50:51.122] [WARN] normal - GET /
[2017-03-04 15:50:55.774] [WARN] normal - GET /
[2017-03-04 15:50:57.832] [WARN] normal - GET /
[2017-03-04 15:57:46.987] [INFO] normal - GET /
[2017-03-04 16:00:03.392] [INFO] normal - GET /
