[2017-02-02 20:01:36.681] [ERROR] normal - GET /favicon.ico
[2017-02-02 20:01:45.449] [ERROR] normal - GET /queryAll
[2017-02-02 20:11:59.804] [ERROR] normal - GET /queryAll
[2017-02-02 20:12:08.366] [ERROR] normal - GET /queryAll
[2017-02-02 20:14:38.199] [ERROR] normal - GET /queryAll
[2017-02-02 20:14:40.414] [ERROR] normal - GET /queryAll
[2017-02-02 20:14:41.503] [ERROR] normal - GET /queryAll
[2017-02-02 20:14:42.134] [ERROR] normal - GET /queryAll
[2017-02-02 20:14:42.743] [ERROR] normal - GET /queryAll
[2017-02-02 20:19:19.812] [ERROR] normal - GET /queryAll
[2017-02-07 09:52:00.739] [ERROR] normal - GET /
[2017-02-07 09:53:03.558] [ERROR] normal - GET /
[2017-02-07 09:53:04.079] [ERROR] normal - GET /
[2017-02-07 09:53:04.233] [ERROR] normal - GET /
[2017-02-07 09:53:04.386] [ERROR] normal - GET /
[2017-02-07 09:54:58.102] [ERROR] normal - GET /
[2017-02-07 09:54:58.516] [ERROR] normal - GET /
[2017-02-07 09:54:58.654] [ERROR] normal - GET /
[2017-02-07 09:55:02.590] [ERROR] normal - GET /
[2017-02-07 11:24:00.731] [ERROR] normal - GET /css/index.css
[2017-02-07 19:51:37.430] [ERROR] normal - GET /favicon.ico
[2017-02-08 08:07:55.890] [ERROR] normal - GET /favicon.ico
[2017-02-08 12:04:47.836] [ERROR] normal - POST /mainWraper.json
[2017-02-08 12:04:48.344] [ERROR] normal - POST /mainWraper.json
[2017-02-08 12:19:30.126] [ERROR] normal - POST /getMainWraper
[2017-02-08 12:23:57.145] [ERROR] normal - POST /getMainWraper
[2017-02-08 12:29:10.754] [ERROR] normal - POST /getMainWraper
[2017-02-08 12:29:29.084] [ERROR] normal - POST /getMainWraper
[2017-02-08 12:29:55.460] [ERROR] normal - POST /getMainWraper
[2017-02-08 12:30:22.614] [ERROR] normal - POST /getMainWraper
[2017-02-08 12:30:53.465] [ERROR] normal - POST /getMainWraper
[2017-02-08 12:33:37.770] [ERROR] normal - POST /getMainWraper
[2017-02-08 12:34:24.412] [ERROR] normal - POST /getMainWraper
[2017-02-08 16:24:45.151] [ERROR] normal - GET /images/slt3.jpg
[2017-02-08 16:24:45.154] [ERROR] normal - GET /images/slt1.jpg
[2017-02-08 16:24:46.508] [ERROR] normal - GET /images/slt1.jpg
[2017-02-08 16:24:46.518] [ERROR] normal - GET /images/slt3.jpg
[2017-02-14 08:35:08.360] [ERROR] normal - GET /favicon.ico
[2017-02-14 13:23:42.370] [ERROR] normal - GET /style.css
[2017-02-14 13:26:18.467] [ERROR] normal - GET /style.css
[2017-02-14 13:27:51.836] [ERROR] normal - GET /style.css
[2017-02-14 13:27:52.328] [ERROR] normal - GET /src/dist/e5216380751641dc7365.hot-update.json
[2017-02-14 13:27:53.009] [ERROR] normal - GET /style.css
[2017-02-14 13:27:53.574] [ERROR] normal - GET /src/dist/e5216380751641dc7365.hot-update.json
[2017-02-14 13:27:54.117] [ERROR] normal - GET /style.css
[2017-02-14 13:27:54.705] [ERROR] normal - GET /src/dist/e5216380751641dc7365.hot-update.json
[2017-02-14 13:27:55.282] [ERROR] normal - GET /style.css
[2017-02-14 13:27:55.888] [ERROR] normal - GET /src/dist/e5216380751641dc7365.hot-update.json
[2017-02-14 13:27:56.650] [ERROR] normal - GET /style.css
[2017-02-14 13:27:57.309] [ERROR] normal - GET /src/dist/e5216380751641dc7365.hot-update.json
[2017-02-14 13:27:58.228] [ERROR] normal - GET /style.css
[2017-02-14 13:27:58.776] [ERROR] normal - GET /src/dist/e5216380751641dc7365.hot-update.json
[2017-02-14 13:30:13.618] [ERROR] normal - GET /style.css
[2017-02-14 13:30:14.200] [ERROR] normal - GET /src/dist/e5216380751641dc7365.hot-update.json
[2017-02-14 13:30:14.288] [ERROR] normal - GET /style.css
[2017-02-14 13:30:15.010] [ERROR] normal - GET /src/dist/e5216380751641dc7365.hot-update.json
[2017-02-14 13:30:15.119] [ERROR] normal - GET /style.css
[2017-02-14 13:30:15.721] [ERROR] normal - GET /src/dist/e5216380751641dc7365.hot-update.json
[2017-02-14 13:30:16.208] [ERROR] normal - GET /style.css
[2017-02-14 13:30:16.902] [ERROR] normal - GET /src/dist/e5216380751641dc7365.hot-update.json
[2017-02-14 13:30:17.484] [ERROR] normal - GET /style.css
[2017-02-14 13:30:18.137] [ERROR] normal - GET /src/dist/e5216380751641dc7365.hot-update.json
[2017-02-14 13:30:18.760] [ERROR] normal - GET /style.css
[2017-02-14 13:30:19.249] [ERROR] normal - GET /src/dist/e5216380751641dc7365.hot-update.json
[2017-02-14 13:30:19.661] [ERROR] normal - GET /style.css
[2017-02-14 13:35:10.654] [ERROR] normal - GET /style.css
[2017-02-14 13:35:11.240] [ERROR] normal - GET /src/dist/e5216380751641dc7365.hot-update.json
[2017-02-14 13:35:11.774] [ERROR] normal - GET /style.css
[2017-02-14 13:35:12.298] [ERROR] normal - GET /src/dist/e5216380751641dc7365.hot-update.json
[2017-02-14 13:35:12.789] [ERROR] normal - GET /style.css
[2017-02-14 13:35:13.358] [ERROR] normal - GET /src/dist/e5216380751641dc7365.hot-update.json
[2017-02-14 13:35:13.845] [ERROR] normal - GET /style.css
[2017-02-14 13:35:14.392] [ERROR] normal - GET /src/dist/e5216380751641dc7365.hot-update.json
[2017-02-14 13:36:26.635] [ERROR] normal - GET /style.css
[2017-02-14 13:36:27.371] [ERROR] normal - GET /src/dist/e5216380751641dc7365.hot-update.json
[2017-02-14 13:36:27.536] [ERROR] normal - GET /style.css
[2017-02-14 13:36:28.096] [ERROR] normal - GET /src/dist/e5216380751641dc7365.hot-update.json
[2017-02-14 13:36:28.744] [ERROR] normal - GET /style.css
[2017-02-14 13:36:29.380] [ERROR] normal - GET /src/dist/e5216380751641dc7365.hot-update.json
[2017-02-14 13:36:29.878] [ERROR] normal - GET /style.css
[2017-02-14 13:36:30.510] [ERROR] normal - GET /src/dist/e5216380751641dc7365.hot-update.json
[2017-02-14 13:36:31.045] [ERROR] normal - GET /style.css
[2017-02-14 13:36:32.451] [ERROR] normal - GET /src/dist/e5216380751641dc7365.hot-update.json
[2017-02-14 13:36:32.794] [ERROR] normal - GET /style.css
[2017-02-14 13:36:33.840] [ERROR] normal - GET /src/dist/e5216380751641dc7365.hot-update.json
[2017-02-14 13:36:34.421] [ERROR] normal - GET /style.css
[2017-02-14 13:36:35.162] [ERROR] normal - GET /src/dist/e5216380751641dc7365.hot-update.json
[2017-02-14 13:36:35.657] [ERROR] normal - GET /style.css
[2017-02-14 13:39:28.901] [ERROR] normal - GET /style.css
[2017-02-14 13:39:29.411] [ERROR] normal - GET /src/dist/e5216380751641dc7365.hot-update.json
[2017-02-14 13:39:29.978] [ERROR] normal - GET /style.css
[2017-02-14 13:39:30.531] [ERROR] normal - GET /src/dist/e5216380751641dc7365.hot-update.json
[2017-02-14 13:39:31.029] [ERROR] normal - GET /style.css
[2017-02-14 13:39:31.642] [ERROR] normal - GET /src/dist/e5216380751641dc7365.hot-update.json
[2017-02-14 13:39:32.168] [ERROR] normal - GET /style.css
[2017-02-14 13:39:51.586] [ERROR] normal - GET /src/dist/e5216380751641dc7365.hot-update.json
[2017-02-14 13:39:52.689] [ERROR] normal - GET /src/dist/e5216380751641dc7365.hot-update.json
[2017-02-14 13:39:53.594] [ERROR] normal - GET /src/dist/e5216380751641dc7365.hot-update.json
[2017-02-14 13:39:54.502] [ERROR] normal - GET /src/dist/e5216380751641dc7365.hot-update.json
[2017-02-14 13:39:55.712] [ERROR] normal - GET /src/dist/e5216380751641dc7365.hot-update.json
[2017-02-14 13:39:56.822] [ERROR] normal - GET /src/dist/e5216380751641dc7365.hot-update.json
[2017-02-14 13:44:54.858] [ERROR] normal - GET /src/dist/e5216380751641dc7365.hot-update.json
[2017-02-14 13:44:55.061] [ERROR] normal - GET /style.css
[2017-02-14 13:44:55.712] [ERROR] normal - GET /src/dist/e5216380751641dc7365.hot-update.json
[2017-02-14 13:44:56.246] [ERROR] normal - GET /style.css
[2017-02-14 13:44:57.009] [ERROR] normal - GET /src/dist/e5216380751641dc7365.hot-update.json
[2017-02-14 13:44:57.665] [ERROR] normal - GET /style.css
[2017-02-14 13:44:58.315] [ERROR] normal - GET /src/dist/e5216380751641dc7365.hot-update.json
[2017-02-14 13:44:58.895] [ERROR] normal - GET /style.css
[2017-02-14 13:44:59.684] [ERROR] normal - GET /src/dist/e5216380751641dc7365.hot-update.json
[2017-02-14 13:45:00.091] [ERROR] normal - GET /style.css
[2017-02-14 13:45:00.918] [ERROR] normal - GET /src/dist/e5216380751641dc7365.hot-update.json
[2017-02-14 13:45:01.674] [ERROR] normal - GET /style.css
[2017-02-14 13:45:02.143] [ERROR] normal - GET /src/dist/e5216380751641dc7365.hot-update.json
[2017-02-14 13:45:02.729] [ERROR] normal - GET /style.css
[2017-02-14 13:45:03.646] [ERROR] normal - GET /src/dist/e5216380751641dc7365.hot-update.json
[2017-02-14 13:45:04.554] [ERROR] normal - GET /style.css
[2017-02-14 13:45:05.115] [ERROR] normal - GET /src/dist/e5216380751641dc7365.hot-update.json
[2017-02-14 13:45:05.182] [ERROR] normal - GET /style.css
[2017-02-14 13:45:06.043] [ERROR] normal - GET /src/dist/e5216380751641dc7365.hot-update.json
[2017-02-14 13:45:06.543] [ERROR] normal - GET /style.css
[2017-02-14 13:45:07.124] [ERROR] normal - GET /src/dist/e5216380751641dc7365.hot-update.json
[2017-02-14 13:45:07.576] [ERROR] normal - GET /style.css
[2017-02-14 13:45:08.150] [ERROR] normal - GET /src/dist/e5216380751641dc7365.hot-update.json
[2017-02-14 13:46:20.104] [ERROR] normal - GET /style.css
[2017-02-14 13:48:17.421] [ERROR] normal - GET /src/dist/e5216380751641dc7365.hot-update.json
[2017-02-14 13:48:18.045] [ERROR] normal - GET /src/dist/e5216380751641dc7365.hot-update.json
[2017-02-14 13:48:18.625] [ERROR] normal - GET /src/dist/e5216380751641dc7365.hot-update.json
[2017-02-14 13:48:19.637] [ERROR] normal - GET /src/dist/e5216380751641dc7365.hot-update.json
[2017-02-14 13:48:20.685] [ERROR] normal - GET /src/dist/e5216380751641dc7365.hot-update.json
[2017-02-14 13:49:22.183] [ERROR] normal - GET /src/dist/e5216380751641dc7365.hot-update.json
[2017-02-14 13:49:23.310] [ERROR] normal - GET /src/dist/e5216380751641dc7365.hot-update.json
[2017-02-14 13:49:24.318] [ERROR] normal - GET /src/dist/e5216380751641dc7365.hot-update.json
[2017-02-14 14:01:39.446] [ERROR] normal - GET /src/dist/e5216380751641dc7365.hot-update.json
[2017-02-14 14:01:40.983] [ERROR] normal - GET /src/dist/e5216380751641dc7365.hot-update.json
[2017-02-14 14:01:41.576] [ERROR] normal - GET /src/dist/e5216380751641dc7365.hot-update.json
[2017-02-14 14:02:23.817] [ERROR] normal - GET /src/dist/e5216380751641dc7365.hot-update.json
[2017-02-14 14:02:49.585] [ERROR] normal - GET /src/dist/e5216380751641dc7365.hot-update.json
[2017-02-14 14:02:50.674] [ERROR] normal - GET /src/dist/e5216380751641dc7365.hot-update.json
[2017-02-14 14:03:27.825] [ERROR] normal - GET /style.css
[2017-02-14 14:03:28.395] [ERROR] normal - GET /src/dist/e5216380751641dc7365.hot-update.json
[2017-02-14 14:03:28.855] [ERROR] normal - GET /style.css
[2017-02-14 14:03:29.405] [ERROR] normal - GET /src/dist/e5216380751641dc7365.hot-update.json
[2017-02-14 14:06:07.438] [ERROR] normal - GET /style.css
[2017-02-14 14:06:07.855] [ERROR] normal - GET /src/dist/e5216380751641dc7365.hot-update.json
[2017-02-14 14:06:08.212] [ERROR] normal - GET /style.css
[2017-02-14 14:06:08.947] [ERROR] normal - GET /src/dist/e5216380751641dc7365.hot-update.json
[2017-02-14 14:06:09.395] [ERROR] normal - GET /style.css
[2017-02-14 14:06:10.007] [ERROR] normal - GET /src/dist/e5216380751641dc7365.hot-update.json
[2017-02-14 14:06:10.498] [ERROR] normal - GET /style.css
[2017-02-14 14:07:17.512] [ERROR] normal - GET /src/dist/e5216380751641dc7365.hot-update.json
[2017-02-14 14:07:17.668] [ERROR] normal - GET /style.css
[2017-02-14 14:07:18.128] [ERROR] normal - GET /src/dist/e5216380751641dc7365.hot-update.json
[2017-02-14 14:07:18.723] [ERROR] normal - GET /style.css
[2017-02-14 14:07:19.379] [ERROR] normal - GET /src/dist/e5216380751641dc7365.hot-update.json
[2017-02-14 14:08:28.604] [ERROR] normal - GET /style.css
[2017-02-14 14:08:29.204] [ERROR] normal - GET /src/dist/e5216380751641dc7365.hot-update.json
[2017-02-14 14:08:29.794] [ERROR] normal - GET /style.css
[2017-02-14 14:08:30.452] [ERROR] normal - GET /src/dist/e5216380751641dc7365.hot-update.json
[2017-02-14 14:08:31.259] [ERROR] normal - GET /style.css
[2017-02-14 14:28:58.999] [ERROR] normal - GET /dist/index.html
[2017-02-14 14:33:20.337] [ERROR] normal - GET /dist/da92574d65ef3585af59.hot-update.json
